<?xml version="1.0" encoding="UTF-8"?>
<testsuite name="ru.stqa.pft.addressbook.GroupCreationTests" tests="1" skipped="0" failures="0" errors="0" timestamp="2019-08-04T09:25:45" hostname="DESKTOP-43C7V1B" time="10.535">
  <properties/>
  <testcase name="testGroupCreation" classname="ru.stqa.pft.addressbook.GroupCreationTests" time="10.535"/>
  <system-out><![CDATA[]]></system-out>
  <system-err><![CDATA[1564910746488	mozrunner::runner	INFO	Running command: "C:\\Program Files\\Mozilla Firefox\\firefox.exe" "-marionette" "-foreground" "-no-remote" "-profile" "C:\\Users\\ochir\\AppData\\Local\\Temp\\rust_mozprofile.QWPJAJqqe6xP"
Unable to read VR Path Registry from C:\Users\ochir\AppData\Local\openvr\openvrpaths.vrpath
Unable to read VR Path Registry from C:\Users\ochir\AppData\Local\openvr\openvrpaths.vrpath
Unable to read VR Path Registry from C:\Users\ochir\AppData\Local\openvr\openvrpaths.vrpath
Unable to read VR Path Registry from C:\Users\ochir\AppData\Local\openvr\openvrpaths.vrpath
Unable to read VR Path Registry from C:\Users\ochir\AppData\Local\openvr\openvrpaths.vrpath
1564910750067	Marionette	INFO	Listening on port 50232
1564910750398	Marionette	WARN	TLS certificate errors will be ignored for this session
авг 04, 2019 12:25:50 PM org.openqa.selenium.remote.ProtocolHandshake createSession
INFO: Detected dialect: W3C
[Child 10656, Chrome_ChildThread] WARNING: pipe error: 109: file z:/build/build/src/ipc/chromium/src/chrome/common/ipc_channel_win.cc, line 332
[Child 10656, Chrome_ChildThread] WARNING: pipe error: 109: file z:/build/build/src/ipc/chromium/src/chrome/common/ipc_channel_win.cc, line 332
[Parent 6532, Gecko_IOThread] WARNING: pipe error: 109: file z:/build/build/src/ipc/chromium/src/chrome/common/ipc_channel_win.cc, line 332
*** UTM:SVC TimerManager:registerTimer called after profile-before-change notification. Ignoring timer registration for id: telemetry_modules_ping

###!!! [Child][MessageChannel::SendAndWait] Error: Channel error: cannot send/recv

]]></system-err>
</testsuite>
